{"/Users/nathantjahjadi/rithm/exercises/express-jobly/app.js": {"path":"/Users/nathantjahjadi/rithm/exercises/express-jobly/app.js","statementMap":{"0":{"start":{"line":5,"column":16},"end":{"line":5,"column":34}},"1":{"start":{"line":6,"column":13},"end":{"line":6,"column":28}},"2":{"start":{"line":8,"column":26},"end":{"line":8,"column":51}},"3":{"start":{"line":10,"column":28},"end":{"line":10,"column":56}},"4":{"start":{"line":11,"column":19},"end":{"line":11,"column":43}},"5":{"start":{"line":12,"column":24},"end":{"line":12,"column":53}},"6":{"start":{"line":13,"column":20},"end":{"line":13,"column":45}},"7":{"start":{"line":15,"column":15},"end":{"line":15,"column":32}},"8":{"start":{"line":17,"column":12},"end":{"line":17,"column":21}},"9":{"start":{"line":19,"column":0},"end":{"line":19,"column":16}},"10":{"start":{"line":20,"column":0},"end":{"line":20,"column":24}},"11":{"start":{"line":21,"column":0},"end":{"line":21,"column":24}},"12":{"start":{"line":22,"column":0},"end":{"line":22,"column":25}},"13":{"start":{"line":24,"column":0},"end":{"line":24,"column":29}},"14":{"start":{"line":25,"column":0},"end":{"line":25,"column":39}},"15":{"start":{"line":26,"column":0},"end":{"line":26,"column":31}},"16":{"start":{"line":30,"column":0},"end":{"line":32,"column":3}},"17":{"start":{"line":31,"column":2},"end":{"line":31,"column":28}},"18":{"start":{"line":35,"column":0},"end":{"line":44,"column":3}},"19":{"start":{"line":36,"column":2},"end":{"line":36,"column":64}},"20":{"start":{"line":36,"column":39},"end":{"line":36,"column":64}},"21":{"start":{"line":39,"column":18},"end":{"line":39,"column":29}},"22":{"start":{"line":41,"column":2},"end":{"line":43,"column":5}},"23":{"start":{"line":46,"column":0},"end":{"line":46,"column":21}}},"fnMap":{"0":{"name":"(anonymous_0)","decl":{"start":{"line":30,"column":8},"end":{"line":30,"column":9}},"loc":{"start":{"line":30,"column":34},"end":{"line":32,"column":1}},"line":30},"1":{"name":"(anonymous_1)","decl":{"start":{"line":35,"column":8},"end":{"line":35,"column":9}},"loc":{"start":{"line":35,"column":39},"end":{"line":44,"column":1}},"line":35}},"branchMap":{"0":{"loc":{"start":{"line":36,"column":2},"end":{"line":36,"column":64}},"type":"if","locations":[{"start":{"line":36,"column":2},"end":{"line":36,"column":64}},{"start":{},"end":{}}],"line":36}},"s":{"0":4,"1":4,"2":4,"3":4,"4":4,"5":4,"6":4,"7":4,"8":4,"9":4,"10":4,"11":4,"12":4,"13":4,"14":4,"15":4,"16":4,"17":2,"18":4,"19":42,"20":1,"21":42,"22":42,"23":4},"f":{"0":2,"1":42},"b":{"0":[1,41]},"_coverageSchema":"1a1c01bbd47fc00a2c39e90264f33305004495a9","hash":"869618d173caffbd1348485b10c35badf12364e5"}
,"/Users/nathantjahjadi/rithm/exercises/express-jobly/config.js": {"path":"/Users/nathantjahjadi/rithm/exercises/express-jobly/config.js","statementMap":{"0":{"start":{"line":5,"column":0},"end":{"line":5,"column":27}},"1":{"start":{"line":6,"column":0},"end":{"line":6,"column":18}},"2":{"start":{"line":8,"column":19},"end":{"line":8,"column":57}},"3":{"start":{"line":10,"column":13},"end":{"line":10,"column":38}},"4":{"start":{"line":14,"column":2},"end":{"line":16,"column":58}},"5":{"start":{"line":21,"column":27},"end":{"line":21,"column":67}},"6":{"start":{"line":23,"column":0},"end":{"line":32,"column":1}},"7":{"start":{"line":24,"column":2},"end":{"line":31,"column":6}},"8":{"start":{"line":34,"column":0},"end":{"line":39,"column":2}}},"fnMap":{"0":{"name":"getDatabaseUri","decl":{"start":{"line":13,"column":9},"end":{"line":13,"column":23}},"loc":{"start":{"line":13,"column":26},"end":{"line":17,"column":1}},"line":13}},"branchMap":{"0":{"loc":{"start":{"line":8,"column":19},"end":{"line":8,"column":57}},"type":"binary-expr","locations":[{"start":{"line":8,"column":19},"end":{"line":8,"column":41}},{"start":{"line":8,"column":45},"end":{"line":8,"column":57}}],"line":8},"1":{"loc":{"start":{"line":10,"column":13},"end":{"line":10,"column":38}},"type":"binary-expr","locations":[{"start":{"line":10,"column":13},"end":{"line":10,"column":30}},{"start":{"line":10,"column":34},"end":{"line":10,"column":38}}],"line":10},"2":{"loc":{"start":{"line":14,"column":9},"end":{"line":16,"column":57}},"type":"cond-expr","locations":[{"start":{"line":15,"column":8},"end":{"line":15,"column":34}},{"start":{"line":16,"column":8},"end":{"line":16,"column":57}}],"line":14},"3":{"loc":{"start":{"line":16,"column":8},"end":{"line":16,"column":57}},"type":"binary-expr","locations":[{"start":{"line":16,"column":8},"end":{"line":16,"column":32}},{"start":{"line":16,"column":36},"end":{"line":16,"column":57}}],"line":16},"4":{"loc":{"start":{"line":21,"column":27},"end":{"line":21,"column":67}},"type":"cond-expr","locations":[{"start":{"line":21,"column":61},"end":{"line":21,"column":62}},{"start":{"line":21,"column":65},"end":{"line":21,"column":67}}],"line":21},"5":{"loc":{"start":{"line":23,"column":0},"end":{"line":32,"column":1}},"type":"if","locations":[{"start":{"line":23,"column":0},"end":{"line":32,"column":1}},{"start":{},"end":{}}],"line":23}},"s":{"0":10,"1":10,"2":10,"3":10,"4":11,"5":10,"6":10,"7":1,"8":10},"f":{"0":11},"b":{"0":[10,0],"1":[10,9],"2":[8,3],"3":[3,1],"4":[9,1],"5":[1,9]},"_coverageSchema":"1a1c01bbd47fc00a2c39e90264f33305004495a9","hash":"fd9c67a676a065e7cb67809bd14c008ed830d6ea"}
,"/Users/nathantjahjadi/rithm/exercises/express-jobly/db.js": {"path":"/Users/nathantjahjadi/rithm/exercises/express-jobly/db.js","statementMap":{"0":{"start":{"line":5,"column":19},"end":{"line":5,"column":32}},"1":{"start":{"line":6,"column":27},"end":{"line":6,"column":46}},"2":{"start":{"line":8,"column":20},"end":{"line":8,"column":36}},"3":{"start":{"line":10,"column":11},"end":{"line":12,"column":2}},"4":{"start":{"line":16,"column":25},"end":{"line":16,"column":43}},"5":{"start":{"line":17,"column":2},"end":{"line":23,"column":3}},"6":{"start":{"line":18,"column":4},"end":{"line":18,"column":23}},"7":{"start":{"line":19,"column":4},"end":{"line":19,"column":39}},"8":{"start":{"line":25,"column":0},"end":{"line":25,"column":12}},"9":{"start":{"line":27,"column":0},"end":{"line":27,"column":20}}},"fnMap":{"0":{"name":"connectDb","decl":{"start":{"line":14,"column":15},"end":{"line":14,"column":24}},"loc":{"start":{"line":14,"column":27},"end":{"line":24,"column":1}},"line":14}},"branchMap":{},"s":{"0":7,"1":7,"2":7,"3":7,"4":7,"5":7,"6":7,"7":7,"8":7,"9":7},"f":{"0":7},"b":{},"_coverageSchema":"1a1c01bbd47fc00a2c39e90264f33305004495a9","hash":"ddbdcc7c2835787be246c81f837a46f7984046aa"}
,"/Users/nathantjahjadi/rithm/exercises/express-jobly/expressError.js": {"path":"/Users/nathantjahjadi/rithm/exercises/express-jobly/expressError.js","statementMap":{"0":{"start":{"line":11,"column":4},"end":{"line":11,"column":12}},"1":{"start":{"line":12,"column":4},"end":{"line":12,"column":27}},"2":{"start":{"line":13,"column":4},"end":{"line":13,"column":25}},"3":{"start":{"line":21,"column":4},"end":{"line":21,"column":24}},"4":{"start":{"line":29,"column":4},"end":{"line":29,"column":24}},"5":{"start":{"line":37,"column":4},"end":{"line":37,"column":24}},"6":{"start":{"line":45,"column":4},"end":{"line":45,"column":24}},"7":{"start":{"line":49,"column":0},"end":{"line":55,"column":2}}},"fnMap":{"0":{"name":"(anonymous_0)","decl":{"start":{"line":10,"column":2},"end":{"line":10,"column":3}},"loc":{"start":{"line":10,"column":31},"end":{"line":14,"column":3}},"line":10},"1":{"name":"(anonymous_1)","decl":{"start":{"line":20,"column":2},"end":{"line":20,"column":3}},"loc":{"start":{"line":20,"column":37},"end":{"line":22,"column":3}},"line":20},"2":{"name":"(anonymous_2)","decl":{"start":{"line":28,"column":2},"end":{"line":28,"column":3}},"loc":{"start":{"line":28,"column":40},"end":{"line":30,"column":3}},"line":28},"3":{"name":"(anonymous_3)","decl":{"start":{"line":36,"column":2},"end":{"line":36,"column":3}},"loc":{"start":{"line":36,"column":39},"end":{"line":38,"column":3}},"line":36},"4":{"name":"(anonymous_4)","decl":{"start":{"line":44,"column":2},"end":{"line":44,"column":3}},"loc":{"start":{"line":44,"column":37},"end":{"line":46,"column":3}},"line":44}},"branchMap":{"0":{"loc":{"start":{"line":20,"column":14},"end":{"line":20,"column":35}},"type":"default-arg","locations":[{"start":{"line":20,"column":24},"end":{"line":20,"column":35}}],"line":20},"1":{"loc":{"start":{"line":28,"column":14},"end":{"line":28,"column":38}},"type":"default-arg","locations":[{"start":{"line":28,"column":24},"end":{"line":28,"column":38}}],"line":28},"2":{"loc":{"start":{"line":36,"column":14},"end":{"line":36,"column":37}},"type":"default-arg","locations":[{"start":{"line":36,"column":24},"end":{"line":36,"column":37}}],"line":36},"3":{"loc":{"start":{"line":44,"column":14},"end":{"line":44,"column":35}},"type":"default-arg","locations":[{"start":{"line":44,"column":24},"end":{"line":44,"column":35}}],"line":44}},"s":{"0":69,"1":69,"2":69,"3":17,"4":32,"5":20,"6":0,"7":9},"f":{"0":69,"1":17,"2":32,"3":20,"4":0},"b":{"0":[2],"1":[28],"2":[0],"3":[0]},"_coverageSchema":"1a1c01bbd47fc00a2c39e90264f33305004495a9","hash":"bc58e0e073ed7a9316cf70b13cda52ac1e93627c"}
,"/Users/nathantjahjadi/rithm/exercises/express-jobly/helpers/sql.js": {"path":"/Users/nathantjahjadi/rithm/exercises/express-jobly/helpers/sql.js","statementMap":{"0":{"start":{"line":3,"column":28},"end":{"line":3,"column":54}},"1":{"start":{"line":19,"column":15},"end":{"line":19,"column":40}},"2":{"start":{"line":20,"column":2},"end":{"line":20,"column":62}},"3":{"start":{"line":20,"column":25},"end":{"line":20,"column":62}},"4":{"start":{"line":23,"column":15},"end":{"line":25,"column":3}},"5":{"start":{"line":24,"column":4},"end":{"line":24,"column":50}},"6":{"start":{"line":27,"column":2},"end":{"line":30,"column":4}},"7":{"start":{"line":33,"column":0},"end":{"line":33,"column":41}}},"fnMap":{"0":{"name":"sqlForPartialUpdate","decl":{"start":{"line":18,"column":9},"end":{"line":18,"column":28}},"loc":{"start":{"line":18,"column":52},"end":{"line":31,"column":1}},"line":18},"1":{"name":"(anonymous_1)","decl":{"start":{"line":23,"column":24},"end":{"line":23,"column":25}},"loc":{"start":{"line":24,"column":4},"end":{"line":24,"column":50}},"line":24}},"branchMap":{"0":{"loc":{"start":{"line":20,"column":2},"end":{"line":20,"column":62}},"type":"if","locations":[{"start":{"line":20,"column":2},"end":{"line":20,"column":62}},{"start":{},"end":{}}],"line":20},"1":{"loc":{"start":{"line":24,"column":8},"end":{"line":24,"column":35}},"type":"binary-expr","locations":[{"start":{"line":24,"column":8},"end":{"line":24,"column":24}},{"start":{"line":24,"column":28},"end":{"line":24,"column":35}}],"line":24}},"s":{"0":8,"1":22,"2":22,"3":4,"4":18,"5":41,"6":18,"7":8},"f":{"0":22,"1":41},"b":{"0":[4,18],"1":[41,24]},"_coverageSchema":"1a1c01bbd47fc00a2c39e90264f33305004495a9","hash":"0f02d2962b7acbaeffc1a8e445f4f9ccd976887d"}
,"/Users/nathantjahjadi/rithm/exercises/express-jobly/helpers/tokens.js": {"path":"/Users/nathantjahjadi/rithm/exercises/express-jobly/helpers/tokens.js","statementMap":{"0":{"start":{"line":3,"column":12},"end":{"line":3,"column":35}},"1":{"start":{"line":4,"column":23},"end":{"line":4,"column":43}},"2":{"start":{"line":9,"column":16},"end":{"line":12,"column":3}},"3":{"start":{"line":14,"column":2},"end":{"line":14,"column":39}},"4":{"start":{"line":17,"column":0},"end":{"line":17,"column":33}}},"fnMap":{"0":{"name":"createToken","decl":{"start":{"line":8,"column":9},"end":{"line":8,"column":20}},"loc":{"start":{"line":8,"column":27},"end":{"line":15,"column":1}},"line":8}},"branchMap":{},"s":{"0":5,"1":5,"2":16,"3":16,"4":5},"f":{"0":16},"b":{},"_coverageSchema":"1a1c01bbd47fc00a2c39e90264f33305004495a9","hash":"2f1526b6a598c7f077aebca61277c47a35718621"}
,"/Users/nathantjahjadi/rithm/exercises/express-jobly/middleware/auth.js": {"path":"/Users/nathantjahjadi/rithm/exercises/express-jobly/middleware/auth.js","statementMap":{"0":{"start":{"line":5,"column":12},"end":{"line":5,"column":35}},"1":{"start":{"line":6,"column":23},"end":{"line":6,"column":43}},"2":{"start":{"line":7,"column":30},"end":{"line":7,"column":56}},"3":{"start":{"line":19,"column":21},"end":{"line":19,"column":47}},"4":{"start":{"line":20,"column":2},"end":{"line":28,"column":3}},"5":{"start":{"line":21,"column":18},"end":{"line":21,"column":62}},"6":{"start":{"line":23,"column":4},"end":{"line":27,"column":5}},"7":{"start":{"line":24,"column":6},"end":{"line":24,"column":54}},"8":{"start":{"line":29,"column":2},"end":{"line":29,"column":16}},"9":{"start":{"line":37,"column":2},"end":{"line":37,"column":48}},"10":{"start":{"line":37,"column":34},"end":{"line":37,"column":48}},"11":{"start":{"line":38,"column":2},"end":{"line":38,"column":32}},"12":{"start":{"line":46,"column":2},"end":{"line":46,"column":56}},"13":{"start":{"line":46,"column":42},"end":{"line":46,"column":56}},"14":{"start":{"line":47,"column":2},"end":{"line":47,"column":32}},"15":{"start":{"line":55,"column":19},"end":{"line":55,"column":53}},"16":{"start":{"line":56,"column":18},"end":{"line":56,"column":43}},"17":{"start":{"line":58,"column":2},"end":{"line":60,"column":3}},"18":{"start":{"line":59,"column":4},"end":{"line":59,"column":18}},"19":{"start":{"line":62,"column":2},"end":{"line":62,"column":32}},"20":{"start":{"line":65,"column":0},"end":{"line":70,"column":2}}},"fnMap":{"0":{"name":"authenticateJWT","decl":{"start":{"line":18,"column":9},"end":{"line":18,"column":24}},"loc":{"start":{"line":18,"column":41},"end":{"line":31,"column":1}},"line":18},"1":{"name":"ensureLoggedIn","decl":{"start":{"line":36,"column":9},"end":{"line":36,"column":23}},"loc":{"start":{"line":36,"column":40},"end":{"line":39,"column":1}},"line":36},"2":{"name":"ensureIsAdmin","decl":{"start":{"line":45,"column":9},"end":{"line":45,"column":22}},"loc":{"start":{"line":45,"column":39},"end":{"line":48,"column":1}},"line":45},"3":{"name":"ensureAdminOrCorrectUser","decl":{"start":{"line":54,"column":9},"end":{"line":54,"column":33}},"loc":{"start":{"line":54,"column":50},"end":{"line":63,"column":1}},"line":54}},"branchMap":{"0":{"loc":{"start":{"line":20,"column":2},"end":{"line":28,"column":3}},"type":"if","locations":[{"start":{"line":20,"column":2},"end":{"line":28,"column":3}},{"start":{},"end":{}}],"line":20},"1":{"loc":{"start":{"line":37,"column":2},"end":{"line":37,"column":48}},"type":"if","locations":[{"start":{"line":37,"column":2},"end":{"line":37,"column":48}},{"start":{},"end":{}}],"line":37},"2":{"loc":{"start":{"line":46,"column":2},"end":{"line":46,"column":56}},"type":"if","locations":[{"start":{"line":46,"column":2},"end":{"line":46,"column":56}},{"start":{},"end":{}}],"line":46},"3":{"loc":{"start":{"line":55,"column":19},"end":{"line":55,"column":53}},"type":"binary-expr","locations":[{"start":{"line":55,"column":19},"end":{"line":55,"column":45}},{"start":{"line":55,"column":49},"end":{"line":55,"column":53}}],"line":55},"4":{"loc":{"start":{"line":58,"column":2},"end":{"line":60,"column":3}},"type":"if","locations":[{"start":{"line":58,"column":2},"end":{"line":60,"column":3}},{"start":{},"end":{}}],"line":58},"5":{"loc":{"start":{"line":58,"column":6},"end":{"line":58,"column":59}},"type":"binary-expr","locations":[{"start":{"line":58,"column":6},"end":{"line":58,"column":39}},{"start":{"line":58,"column":43},"end":{"line":58,"column":59}}],"line":58}},"s":{"0":5,"1":5,"2":5,"3":67,"4":67,"5":39,"6":39,"7":39,"8":67,"9":3,"10":1,"11":2,"12":28,"13":15,"14":13,"15":27,"16":27,"17":27,"18":14,"19":13,"20":5},"f":{"0":67,"1":3,"2":28,"3":27},"b":{"0":[39,28],"1":[1,2],"2":[15,13],"3":[27,5],"4":[14,13],"5":[27,22]},"_coverageSchema":"1a1c01bbd47fc00a2c39e90264f33305004495a9","hash":"2058797fd9ed7e8da07e9b9443368691e7d30904"}
,"/Users/nathantjahjadi/rithm/exercises/express-jobly/models/_testCommon.js": {"path":"/Users/nathantjahjadi/rithm/exercises/express-jobly/models/_testCommon.js","statementMap":{"0":{"start":{"line":3,"column":15},"end":{"line":3,"column":32}},"1":{"start":{"line":5,"column":11},"end":{"line":5,"column":30}},"2":{"start":{"line":6,"column":31},"end":{"line":6,"column":51}},"3":{"start":{"line":10,"column":2},"end":{"line":10,"column":42}},"4":{"start":{"line":12,"column":2},"end":{"line":12,"column":38}},"5":{"start":{"line":14,"column":2},"end":{"line":18,"column":57}},"6":{"start":{"line":20,"column":2},"end":{"line":31,"column":5}},"7":{"start":{"line":33,"column":2},"end":{"line":37,"column":42}},"8":{"start":{"line":41,"column":2},"end":{"line":41,"column":26}},"9":{"start":{"line":45,"column":2},"end":{"line":45,"column":29}},"10":{"start":{"line":49,"column":2},"end":{"line":49,"column":17}},"11":{"start":{"line":53,"column":0},"end":{"line":58,"column":2}}},"fnMap":{"0":{"name":"commonBeforeAll","decl":{"start":{"line":8,"column":15},"end":{"line":8,"column":30}},"loc":{"start":{"line":8,"column":33},"end":{"line":38,"column":1}},"line":8},"1":{"name":"commonBeforeEach","decl":{"start":{"line":40,"column":15},"end":{"line":40,"column":31}},"loc":{"start":{"line":40,"column":34},"end":{"line":42,"column":1}},"line":40},"2":{"name":"commonAfterEach","decl":{"start":{"line":44,"column":15},"end":{"line":44,"column":30}},"loc":{"start":{"line":44,"column":33},"end":{"line":46,"column":1}},"line":44},"3":{"name":"commonAfterAll","decl":{"start":{"line":48,"column":15},"end":{"line":48,"column":29}},"loc":{"start":{"line":48,"column":32},"end":{"line":50,"column":1}},"line":48}},"branchMap":{},"s":{"0":3,"1":3,"2":3,"3":3,"4":3,"5":3,"6":3,"7":3,"8":43,"9":43,"10":3,"11":3},"f":{"0":3,"1":43,"2":43,"3":3},"b":{},"_coverageSchema":"1a1c01bbd47fc00a2c39e90264f33305004495a9","hash":"651566fa97747a9cdc6dd4fbbaadb8e0bb6d8925"}
,"/Users/nathantjahjadi/rithm/exercises/express-jobly/models/company.js": {"path":"/Users/nathantjahjadi/rithm/exercises/express-jobly/models/company.js","statementMap":{"0":{"start":{"line":3,"column":11},"end":{"line":3,"column":27}},"1":{"start":{"line":4,"column":43},"end":{"line":4,"column":69}},"2":{"start":{"line":5,"column":32},"end":{"line":5,"column":57}},"3":{"start":{"line":20,"column":27},"end":{"line":23,"column":37}},"4":{"start":{"line":25,"column":4},"end":{"line":26,"column":64}},"5":{"start":{"line":26,"column":6},"end":{"line":26,"column":64}},"6":{"start":{"line":28,"column":19},"end":{"line":47,"column":5}},"7":{"start":{"line":48,"column":20},"end":{"line":48,"column":34}},"8":{"start":{"line":50,"column":4},"end":{"line":50,"column":19}},"9":{"start":{"line":61,"column":4},"end":{"line":65,"column":5}},"10":{"start":{"line":62,"column":6},"end":{"line":64,"column":61}},"11":{"start":{"line":63,"column":8},"end":{"line":64,"column":61}},"12":{"start":{"line":70,"column":4},"end":{"line":74,"column":5}},"13":{"start":{"line":71,"column":21},"end":{"line":71,"column":90}},"14":{"start":{"line":72,"column":6},"end":{"line":72,"column":45}},"15":{"start":{"line":73,"column":6},"end":{"line":73,"column":29}},"16":{"start":{"line":76,"column":25},"end":{"line":84,"column":31}},"17":{"start":{"line":86,"column":4},"end":{"line":86,"column":29}},"18":{"start":{"line":101,"column":26},"end":{"line":101,"column":28}},"19":{"start":{"line":102,"column":17},"end":{"line":102,"column":19}},"20":{"start":{"line":103,"column":14},"end":{"line":103,"column":15}},"21":{"start":{"line":105,"column":4},"end":{"line":110,"column":5}},"22":{"start":{"line":106,"column":6},"end":{"line":106,"column":49}},"23":{"start":{"line":107,"column":6},"end":{"line":107,"column":35}},"24":{"start":{"line":108,"column":6},"end":{"line":108,"column":12}},"25":{"start":{"line":112,"column":4},"end":{"line":116,"column":5}},"26":{"start":{"line":113,"column":6},"end":{"line":113,"column":55}},"27":{"start":{"line":114,"column":6},"end":{"line":114,"column":32}},"28":{"start":{"line":115,"column":6},"end":{"line":115,"column":12}},"29":{"start":{"line":118,"column":4},"end":{"line":122,"column":5}},"30":{"start":{"line":119,"column":6},"end":{"line":119,"column":55}},"31":{"start":{"line":120,"column":6},"end":{"line":120,"column":32}},"32":{"start":{"line":121,"column":6},"end":{"line":121,"column":12}},"33":{"start":{"line":124,"column":4},"end":{"line":127,"column":6}},"34":{"start":{"line":140,"column":23},"end":{"line":147,"column":37}},"35":{"start":{"line":149,"column":20},"end":{"line":149,"column":38}},"36":{"start":{"line":151,"column":4},"end":{"line":151,"column":67}},"37":{"start":{"line":151,"column":18},"end":{"line":151,"column":67}},"38":{"start":{"line":153,"column":4},"end":{"line":153,"column":19}},"39":{"start":{"line":169,"column":32},"end":{"line":174,"column":8}},"40":{"start":{"line":175,"column":25},"end":{"line":175,"column":50}},"41":{"start":{"line":177,"column":21},"end":{"line":186,"column":34}},"42":{"start":{"line":187,"column":19},"end":{"line":187,"column":64}},"43":{"start":{"line":188,"column":20},"end":{"line":188,"column":34}},"44":{"start":{"line":190,"column":4},"end":{"line":190,"column":67}},"45":{"start":{"line":190,"column":18},"end":{"line":190,"column":67}},"46":{"start":{"line":192,"column":4},"end":{"line":192,"column":19}},"47":{"start":{"line":201,"column":19},"end":{"line":205,"column":36}},"48":{"start":{"line":206,"column":20},"end":{"line":206,"column":34}},"49":{"start":{"line":208,"column":4},"end":{"line":208,"column":67}},"50":{"start":{"line":208,"column":18},"end":{"line":208,"column":67}},"51":{"start":{"line":213,"column":0},"end":{"line":213,"column":25}}},"fnMap":{"0":{"name":"(anonymous_0)","decl":{"start":{"line":19,"column":2},"end":{"line":19,"column":3}},"loc":{"start":{"line":19,"column":76},"end":{"line":51,"column":3}},"line":19},"1":{"name":"(anonymous_1)","decl":{"start":{"line":60,"column":2},"end":{"line":60,"column":3}},"loc":{"start":{"line":60,"column":86},"end":{"line":87,"column":3}},"line":60},"2":{"name":"(anonymous_2)","decl":{"start":{"line":100,"column":2},"end":{"line":100,"column":3}},"loc":{"start":{"line":100,"column":71},"end":{"line":128,"column":3}},"line":100},"3":{"name":"(anonymous_3)","decl":{"start":{"line":139,"column":2},"end":{"line":139,"column":3}},"loc":{"start":{"line":139,"column":27},"end":{"line":154,"column":3}},"line":139},"4":{"name":"(anonymous_4)","decl":{"start":{"line":168,"column":2},"end":{"line":168,"column":3}},"loc":{"start":{"line":168,"column":36},"end":{"line":193,"column":3}},"line":168},"5":{"name":"(anonymous_5)","decl":{"start":{"line":200,"column":2},"end":{"line":200,"column":3}},"loc":{"start":{"line":200,"column":30},"end":{"line":209,"column":3}},"line":200}},"branchMap":{"0":{"loc":{"start":{"line":25,"column":4},"end":{"line":26,"column":64}},"type":"if","locations":[{"start":{"line":25,"column":4},"end":{"line":26,"column":64}},{"start":{},"end":{}}],"line":25},"1":{"loc":{"start":{"line":60,"column":25},"end":{"line":60,"column":40}},"type":"default-arg","locations":[{"start":{"line":60,"column":36},"end":{"line":60,"column":40}}],"line":60},"2":{"loc":{"start":{"line":60,"column":42},"end":{"line":60,"column":61}},"type":"default-arg","locations":[{"start":{"line":60,"column":57},"end":{"line":60,"column":61}}],"line":60},"3":{"loc":{"start":{"line":60,"column":63},"end":{"line":60,"column":82}},"type":"default-arg","locations":[{"start":{"line":60,"column":78},"end":{"line":60,"column":82}}],"line":60},"4":{"loc":{"start":{"line":61,"column":4},"end":{"line":65,"column":5}},"type":"if","locations":[{"start":{"line":61,"column":4},"end":{"line":65,"column":5}},{"start":{},"end":{}}],"line":61},"5":{"loc":{"start":{"line":61,"column":8},"end":{"line":61,"column":36}},"type":"binary-expr","locations":[{"start":{"line":61,"column":8},"end":{"line":61,"column":20}},{"start":{"line":61,"column":24},"end":{"line":61,"column":36}}],"line":61},"6":{"loc":{"start":{"line":62,"column":6},"end":{"line":64,"column":61}},"type":"if","locations":[{"start":{"line":62,"column":6},"end":{"line":64,"column":61}},{"start":{},"end":{}}],"line":62},"7":{"loc":{"start":{"line":70,"column":4},"end":{"line":74,"column":5}},"type":"if","locations":[{"start":{"line":70,"column":4},"end":{"line":74,"column":5}},{"start":{},"end":{}}],"line":70},"8":{"loc":{"start":{"line":70,"column":8},"end":{"line":70,"column":48}},"type":"binary-expr","locations":[{"start":{"line":70,"column":8},"end":{"line":70,"column":16}},{"start":{"line":70,"column":20},"end":{"line":70,"column":32}},{"start":{"line":70,"column":36},"end":{"line":70,"column":48}}],"line":70},"9":{"loc":{"start":{"line":105,"column":4},"end":{"line":110,"column":5}},"type":"if","locations":[{"start":{"line":105,"column":4},"end":{"line":110,"column":5}},{"start":{},"end":{}}],"line":105},"10":{"loc":{"start":{"line":112,"column":4},"end":{"line":116,"column":5}},"type":"if","locations":[{"start":{"line":112,"column":4},"end":{"line":116,"column":5}},{"start":{},"end":{}}],"line":112},"11":{"loc":{"start":{"line":118,"column":4},"end":{"line":122,"column":5}},"type":"if","locations":[{"start":{"line":118,"column":4},"end":{"line":122,"column":5}},{"start":{},"end":{}}],"line":118},"12":{"loc":{"start":{"line":151,"column":4},"end":{"line":151,"column":67}},"type":"if","locations":[{"start":{"line":151,"column":4},"end":{"line":151,"column":67}},{"start":{},"end":{}}],"line":151},"13":{"loc":{"start":{"line":190,"column":4},"end":{"line":190,"column":67}},"type":"if","locations":[{"start":{"line":190,"column":4},"end":{"line":190,"column":67}},{"start":{},"end":{}}],"line":190},"14":{"loc":{"start":{"line":208,"column":4},"end":{"line":208,"column":67}},"type":"if","locations":[{"start":{"line":208,"column":4},"end":{"line":208,"column":67}},{"start":{},"end":{}}],"line":208}},"s":{"0":5,"1":5,"2":5,"3":13,"4":13,"5":1,"6":12,"7":12,"8":12,"9":10,"10":4,"11":2,"12":8,"13":6,"14":6,"15":6,"16":8,"17":8,"18":9,"19":9,"20":9,"21":9,"22":7,"23":7,"24":7,"25":9,"26":7,"27":7,"28":7,"29":9,"30":3,"31":3,"32":3,"33":9,"34":5,"35":5,"36":5,"37":2,"38":3,"39":6,"40":5,"41":5,"42":5,"43":5,"44":5,"45":2,"46":3,"47":4,"48":4,"49":4,"50":2,"51":5},"f":{"0":13,"1":10,"2":9,"3":5,"4":6,"5":4},"b":{"0":[1,12],"1":[6],"2":[3],"3":[6],"4":[4,6],"5":[10,7],"6":[2,2],"7":[6,2],"8":[8,4,2],"9":[7,2],"10":[7,2],"11":[3,6],"12":[2,3],"13":[2,3],"14":[2,2]},"_coverageSchema":"1a1c01bbd47fc00a2c39e90264f33305004495a9","hash":"b79a950816d0c0ba53348d6dca8a9ec0176505c1"}
,"/Users/nathantjahjadi/rithm/exercises/express-jobly/models/job.js": {"path":"/Users/nathantjahjadi/rithm/exercises/express-jobly/models/job.js","statementMap":{"0":{"start":{"line":3,"column":11},"end":{"line":3,"column":27}},"1":{"start":{"line":4,"column":43},"end":{"line":4,"column":69}},"2":{"start":{"line":5,"column":32},"end":{"line":5,"column":57}},"3":{"start":{"line":17,"column":19},"end":{"line":34,"column":5}},"4":{"start":{"line":35,"column":16},"end":{"line":35,"column":30}},"5":{"start":{"line":37,"column":4},"end":{"line":37,"column":15}},"6":{"start":{"line":45,"column":20},"end":{"line":52,"column":21}},"7":{"start":{"line":54,"column":4},"end":{"line":54,"column":24}},"8":{"start":{"line":64,"column":20},"end":{"line":71,"column":29}},"9":{"start":{"line":73,"column":16},"end":{"line":73,"column":31}},"10":{"start":{"line":75,"column":4},"end":{"line":75,"column":55}},"11":{"start":{"line":75,"column":14},"end":{"line":75,"column":55}},"12":{"start":{"line":77,"column":4},"end":{"line":77,"column":15}},"13":{"start":{"line":92,"column":32},"end":{"line":92,"column":61}},"14":{"start":{"line":93,"column":21},"end":{"line":93,"column":46}},"15":{"start":{"line":95,"column":21},"end":{"line":104,"column":46}},"16":{"start":{"line":105,"column":19},"end":{"line":105,"column":60}},"17":{"start":{"line":106,"column":16},"end":{"line":106,"column":30}},"18":{"start":{"line":108,"column":4},"end":{"line":108,"column":55}},"19":{"start":{"line":108,"column":14},"end":{"line":108,"column":55}},"20":{"start":{"line":110,"column":4},"end":{"line":110,"column":15}},"21":{"start":{"line":118,"column":19},"end":{"line":122,"column":28}},"22":{"start":{"line":123,"column":16},"end":{"line":123,"column":30}},"23":{"start":{"line":125,"column":4},"end":{"line":125,"column":55}},"24":{"start":{"line":125,"column":14},"end":{"line":125,"column":55}},"25":{"start":{"line":129,"column":0},"end":{"line":129,"column":21}}},"fnMap":{"0":{"name":"(anonymous_0)","decl":{"start":{"line":16,"column":2},"end":{"line":16,"column":3}},"loc":{"start":{"line":16,"column":65},"end":{"line":38,"column":3}},"line":16},"1":{"name":"(anonymous_1)","decl":{"start":{"line":44,"column":2},"end":{"line":44,"column":3}},"loc":{"start":{"line":44,"column":25},"end":{"line":55,"column":3}},"line":44},"2":{"name":"(anonymous_2)","decl":{"start":{"line":63,"column":2},"end":{"line":63,"column":3}},"loc":{"start":{"line":63,"column":23},"end":{"line":78,"column":3}},"line":63},"3":{"name":"(anonymous_3)","decl":{"start":{"line":91,"column":2},"end":{"line":91,"column":3}},"loc":{"start":{"line":91,"column":32},"end":{"line":111,"column":3}},"line":91},"4":{"name":"(anonymous_4)","decl":{"start":{"line":117,"column":2},"end":{"line":117,"column":3}},"loc":{"start":{"line":117,"column":26},"end":{"line":126,"column":3}},"line":117}},"branchMap":{"0":{"loc":{"start":{"line":75,"column":4},"end":{"line":75,"column":55}},"type":"if","locations":[{"start":{"line":75,"column":4},"end":{"line":75,"column":55}},{"start":{},"end":{}}],"line":75},"1":{"loc":{"start":{"line":108,"column":4},"end":{"line":108,"column":55}},"type":"if","locations":[{"start":{"line":108,"column":4},"end":{"line":108,"column":55}},{"start":{},"end":{}}],"line":108},"2":{"loc":{"start":{"line":125,"column":4},"end":{"line":125,"column":55}},"type":"if","locations":[{"start":{"line":125,"column":4},"end":{"line":125,"column":55}},{"start":{},"end":{}}],"line":125}},"s":{"0":1,"1":1,"2":1,"3":1,"4":1,"5":1,"6":1,"7":1,"8":2,"9":2,"10":2,"11":1,"12":1,"13":4,"14":3,"15":3,"16":3,"17":3,"18":3,"19":1,"20":2,"21":2,"22":2,"23":2,"24":1,"25":1},"f":{"0":1,"1":1,"2":2,"3":4,"4":2},"b":{"0":[1,1],"1":[1,2],"2":[1,1]},"_coverageSchema":"1a1c01bbd47fc00a2c39e90264f33305004495a9","hash":"f6447f1e9771cef8900254ba341850f41d385eb3"}
,"/Users/nathantjahjadi/rithm/exercises/express-jobly/models/user.js": {"path":"/Users/nathantjahjadi/rithm/exercises/express-jobly/models/user.js","statementMap":{"0":{"start":{"line":3,"column":11},"end":{"line":3,"column":27}},"1":{"start":{"line":4,"column":15},"end":{"line":4,"column":32}},"2":{"start":{"line":5,"column":32},"end":{"line":5,"column":57}},"3":{"start":{"line":10,"column":4},"end":{"line":10,"column":30}},"4":{"start":{"line":12,"column":31},"end":{"line":12,"column":54}},"5":{"start":{"line":26,"column":19},"end":{"line":35,"column":5}},"6":{"start":{"line":37,"column":17},"end":{"line":37,"column":31}},"7":{"start":{"line":39,"column":4},"end":{"line":46,"column":5}},"8":{"start":{"line":41,"column":22},"end":{"line":41,"column":67}},"9":{"start":{"line":42,"column":6},"end":{"line":45,"column":7}},"10":{"start":{"line":43,"column":8},"end":{"line":43,"column":29}},"11":{"start":{"line":44,"column":8},"end":{"line":44,"column":20}},"12":{"start":{"line":48,"column":4},"end":{"line":48,"column":61}},"13":{"start":{"line":60,"column":27},"end":{"line":64,"column":5}},"14":{"start":{"line":66,"column":4},"end":{"line":68,"column":5}},"15":{"start":{"line":67,"column":6},"end":{"line":67,"column":67}},"16":{"start":{"line":70,"column":27},"end":{"line":70,"column":74}},"17":{"start":{"line":72,"column":19},"end":{"line":94,"column":5}},"18":{"start":{"line":96,"column":17},"end":{"line":96,"column":31}},"19":{"start":{"line":98,"column":4},"end":{"line":98,"column":16}},"20":{"start":{"line":107,"column":19},"end":{"line":115,"column":5}},"21":{"start":{"line":117,"column":4},"end":{"line":117,"column":23}},"22":{"start":{"line":129,"column":20},"end":{"line":137,"column":5}},"23":{"start":{"line":139,"column":17},"end":{"line":139,"column":32}},"24":{"start":{"line":141,"column":4},"end":{"line":141,"column":63}},"25":{"start":{"line":141,"column":15},"end":{"line":141,"column":63}},"26":{"start":{"line":143,"column":4},"end":{"line":143,"column":16}},"27":{"start":{"line":164,"column":4},"end":{"line":166,"column":5}},"28":{"start":{"line":165,"column":6},"end":{"line":165,"column":75}},"29":{"start":{"line":168,"column":32},"end":{"line":174,"column":10}},"30":{"start":{"line":175,"column":27},"end":{"line":175,"column":52}},"31":{"start":{"line":177,"column":21},"end":{"line":185,"column":34}},"32":{"start":{"line":186,"column":19},"end":{"line":186,"column":66}},"33":{"start":{"line":187,"column":17},"end":{"line":187,"column":31}},"34":{"start":{"line":189,"column":4},"end":{"line":189,"column":63}},"35":{"start":{"line":189,"column":15},"end":{"line":189,"column":63}},"36":{"start":{"line":191,"column":4},"end":{"line":191,"column":25}},"37":{"start":{"line":192,"column":4},"end":{"line":192,"column":16}},"38":{"start":{"line":198,"column":17},"end":{"line":203,"column":5}},"39":{"start":{"line":204,"column":17},"end":{"line":204,"column":31}},"40":{"start":{"line":206,"column":4},"end":{"line":206,"column":63}},"41":{"start":{"line":206,"column":15},"end":{"line":206,"column":63}},"42":{"start":{"line":211,"column":0},"end":{"line":211,"column":22}}},"fnMap":{"0":{"name":"(anonymous_0)","decl":{"start":{"line":24,"column":2},"end":{"line":24,"column":3}},"loc":{"start":{"line":24,"column":48},"end":{"line":49,"column":3}},"line":24},"1":{"name":"(anonymous_1)","decl":{"start":{"line":58,"column":2},"end":{"line":58,"column":3}},"loc":{"start":{"line":59,"column":67},"end":{"line":99,"column":3}},"line":59},"2":{"name":"(anonymous_2)","decl":{"start":{"line":106,"column":2},"end":{"line":106,"column":3}},"loc":{"start":{"line":106,"column":25},"end":{"line":118,"column":3}},"line":106},"3":{"name":"(anonymous_3)","decl":{"start":{"line":128,"column":2},"end":{"line":128,"column":3}},"loc":{"start":{"line":128,"column":29},"end":{"line":144,"column":3}},"line":128},"4":{"name":"(anonymous_4)","decl":{"start":{"line":163,"column":2},"end":{"line":163,"column":3}},"loc":{"start":{"line":163,"column":38},"end":{"line":193,"column":3}},"line":163},"5":{"name":"(anonymous_5)","decl":{"start":{"line":197,"column":2},"end":{"line":197,"column":3}},"loc":{"start":{"line":197,"column":32},"end":{"line":207,"column":3}},"line":197}},"branchMap":{"0":{"loc":{"start":{"line":39,"column":4},"end":{"line":46,"column":5}},"type":"if","locations":[{"start":{"line":39,"column":4},"end":{"line":46,"column":5}},{"start":{},"end":{}}],"line":39},"1":{"loc":{"start":{"line":42,"column":6},"end":{"line":45,"column":7}},"type":"if","locations":[{"start":{"line":42,"column":6},"end":{"line":45,"column":7}},{"start":{},"end":{}}],"line":42},"2":{"loc":{"start":{"line":66,"column":4},"end":{"line":68,"column":5}},"type":"if","locations":[{"start":{"line":66,"column":4},"end":{"line":68,"column":5}},{"start":{},"end":{}}],"line":66},"3":{"loc":{"start":{"line":141,"column":4},"end":{"line":141,"column":63}},"type":"if","locations":[{"start":{"line":141,"column":4},"end":{"line":141,"column":63}},{"start":{},"end":{}}],"line":141},"4":{"loc":{"start":{"line":164,"column":4},"end":{"line":166,"column":5}},"type":"if","locations":[{"start":{"line":164,"column":4},"end":{"line":166,"column":5}},{"start":{},"end":{}}],"line":164},"5":{"loc":{"start":{"line":189,"column":4},"end":{"line":189,"column":63}},"type":"if","locations":[{"start":{"line":189,"column":4},"end":{"line":189,"column":63}},{"start":{},"end":{}}],"line":189},"6":{"loc":{"start":{"line":206,"column":4},"end":{"line":206,"column":63}},"type":"if","locations":[{"start":{"line":206,"column":4},"end":{"line":206,"column":63}},{"start":{},"end":{}}],"line":206}},"s":{"0":5,"1":5,"2":5,"3":5,"4":5,"5":8,"6":8,"7":8,"8":5,"9":5,"10":4,"11":4,"12":4,"13":16,"14":16,"15":1,"16":15,"17":15,"18":15,"19":15,"20":2,"21":2,"22":5,"23":5,"24":5,"25":2,"26":3,"27":9,"28":3,"29":9,"30":8,"31":8,"32":8,"33":8,"34":8,"35":2,"36":6,"37":6,"38":5,"39":5,"40":5,"41":2,"42":5},"f":{"0":8,"1":16,"2":2,"3":5,"4":9,"5":5},"b":{"0":[5,3],"1":[4,1],"2":[1,15],"3":[2,3],"4":[3,6],"5":[2,6],"6":[2,3]},"_coverageSchema":"1a1c01bbd47fc00a2c39e90264f33305004495a9","hash":"f1ed2baa79132a496e445b98a50fa532809ca4ad"}
,"/Users/nathantjahjadi/rithm/exercises/express-jobly/routes/_testCommon.js": {"path":"/Users/nathantjahjadi/rithm/exercises/express-jobly/routes/_testCommon.js","statementMap":{"0":{"start":{"line":3,"column":11},"end":{"line":3,"column":30}},"1":{"start":{"line":4,"column":13},"end":{"line":4,"column":38}},"2":{"start":{"line":5,"column":16},"end":{"line":5,"column":44}},"3":{"start":{"line":6,"column":24},"end":{"line":6,"column":52}},"4":{"start":{"line":10,"column":2},"end":{"line":10,"column":38}},"5":{"start":{"line":12,"column":2},"end":{"line":12,"column":42}},"6":{"start":{"line":14,"column":2},"end":{"line":21,"column":9}},"7":{"start":{"line":22,"column":2},"end":{"line":29,"column":9}},"8":{"start":{"line":30,"column":2},"end":{"line":37,"column":9}},"9":{"start":{"line":39,"column":2},"end":{"line":46,"column":5}},"10":{"start":{"line":47,"column":2},"end":{"line":54,"column":5}},"11":{"start":{"line":55,"column":2},"end":{"line":62,"column":5}},"12":{"start":{"line":66,"column":2},"end":{"line":66,"column":26}},"13":{"start":{"line":70,"column":2},"end":{"line":70,"column":29}},"14":{"start":{"line":74,"column":2},"end":{"line":74,"column":17}},"15":{"start":{"line":78,"column":16},"end":{"line":78,"column":63}},"16":{"start":{"line":79,"column":16},"end":{"line":79,"column":63}},"17":{"start":{"line":80,"column":19},"end":{"line":80,"column":68}},"18":{"start":{"line":83,"column":0},"end":{"line":91,"column":2}}},"fnMap":{"0":{"name":"commonBeforeAll","decl":{"start":{"line":8,"column":15},"end":{"line":8,"column":30}},"loc":{"start":{"line":8,"column":33},"end":{"line":63,"column":1}},"line":8},"1":{"name":"commonBeforeEach","decl":{"start":{"line":65,"column":15},"end":{"line":65,"column":31}},"loc":{"start":{"line":65,"column":34},"end":{"line":67,"column":1}},"line":65},"2":{"name":"commonAfterEach","decl":{"start":{"line":69,"column":15},"end":{"line":69,"column":30}},"loc":{"start":{"line":69,"column":33},"end":{"line":71,"column":1}},"line":69},"3":{"name":"commonAfterAll","decl":{"start":{"line":73,"column":15},"end":{"line":73,"column":29}},"loc":{"start":{"line":73,"column":32},"end":{"line":75,"column":1}},"line":73}},"branchMap":{},"s":{"0":3,"1":3,"2":3,"3":3,"4":3,"5":3,"6":3,"7":3,"8":3,"9":3,"10":3,"11":3,"12":62,"13":62,"14":3,"15":3,"16":3,"17":3,"18":3},"f":{"0":3,"1":62,"2":62,"3":3},"b":{},"_coverageSchema":"1a1c01bbd47fc00a2c39e90264f33305004495a9","hash":"18bea0824c847a67e6af0e27b272130574289a06"}
,"/Users/nathantjahjadi/rithm/exercises/express-jobly/routes/auth.js": {"path":"/Users/nathantjahjadi/rithm/exercises/express-jobly/routes/auth.js","statementMap":{"0":{"start":{"line":5,"column":19},"end":{"line":5,"column":40}},"1":{"start":{"line":7,"column":13},"end":{"line":7,"column":38}},"2":{"start":{"line":8,"column":16},"end":{"line":8,"column":34}},"3":{"start":{"line":9,"column":15},"end":{"line":9,"column":35}},"4":{"start":{"line":10,"column":24},"end":{"line":10,"column":52}},"5":{"start":{"line":11,"column":23},"end":{"line":11,"column":58}},"6":{"start":{"line":12,"column":27},"end":{"line":12,"column":66}},"7":{"start":{"line":13,"column":28},"end":{"line":13,"column":54}},"8":{"start":{"line":22,"column":0},"end":{"line":37,"column":3}},"9":{"start":{"line":23,"column":20},"end":{"line":27,"column":3}},"10":{"start":{"line":28,"column":2},"end":{"line":31,"column":3}},"11":{"start":{"line":29,"column":17},"end":{"line":29,"column":51}},"12":{"start":{"line":29,"column":43},"end":{"line":29,"column":50}},"13":{"start":{"line":30,"column":4},"end":{"line":30,"column":36}},"14":{"start":{"line":33,"column":33},"end":{"line":33,"column":41}},"15":{"start":{"line":34,"column":15},"end":{"line":34,"column":58}},"16":{"start":{"line":35,"column":16},"end":{"line":35,"column":33}},"17":{"start":{"line":36,"column":2},"end":{"line":36,"column":29}},"18":{"start":{"line":49,"column":0},"end":{"line":63,"column":3}},"19":{"start":{"line":50,"column":20},"end":{"line":54,"column":3}},"20":{"start":{"line":55,"column":2},"end":{"line":58,"column":3}},"21":{"start":{"line":56,"column":17},"end":{"line":56,"column":51}},"22":{"start":{"line":56,"column":43},"end":{"line":56,"column":50}},"23":{"start":{"line":57,"column":4},"end":{"line":57,"column":36}},"24":{"start":{"line":60,"column":18},"end":{"line":60,"column":70}},"25":{"start":{"line":61,"column":16},"end":{"line":61,"column":36}},"26":{"start":{"line":62,"column":2},"end":{"line":62,"column":41}},"27":{"start":{"line":66,"column":0},"end":{"line":66,"column":24}}},"fnMap":{"0":{"name":"(anonymous_0)","decl":{"start":{"line":22,"column":22},"end":{"line":22,"column":23}},"loc":{"start":{"line":22,"column":54},"end":{"line":37,"column":1}},"line":22},"1":{"name":"(anonymous_1)","decl":{"start":{"line":29,"column":38},"end":{"line":29,"column":39}},"loc":{"start":{"line":29,"column":43},"end":{"line":29,"column":50}},"line":29},"2":{"name":"(anonymous_2)","decl":{"start":{"line":49,"column":25},"end":{"line":49,"column":26}},"loc":{"start":{"line":49,"column":57},"end":{"line":63,"column":1}},"line":49},"3":{"name":"(anonymous_3)","decl":{"start":{"line":56,"column":38},"end":{"line":56,"column":39}},"loc":{"start":{"line":56,"column":43},"end":{"line":56,"column":50}},"line":56}},"branchMap":{"0":{"loc":{"start":{"line":28,"column":2},"end":{"line":31,"column":3}},"type":"if","locations":[{"start":{"line":28,"column":2},"end":{"line":31,"column":3}},{"start":{},"end":{}}],"line":28},"1":{"loc":{"start":{"line":55,"column":2},"end":{"line":58,"column":3}},"type":"if","locations":[{"start":{"line":55,"column":2},"end":{"line":58,"column":3}},{"start":{},"end":{}}],"line":55}},"s":{"0":4,"1":4,"2":4,"3":4,"4":4,"5":4,"6":4,"7":4,"8":4,"9":5,"10":5,"11":2,"12":2,"13":2,"14":3,"15":3,"16":1,"17":1,"18":4,"19":3,"20":3,"21":2,"22":5,"23":2,"24":1,"25":1,"26":1,"27":4},"f":{"0":5,"1":2,"2":3,"3":5},"b":{"0":[2,3],"1":[2,1]},"_coverageSchema":"1a1c01bbd47fc00a2c39e90264f33305004495a9","hash":"007a3d6a967e5fbc95a606f17a828064e7d99688"}
,"/Users/nathantjahjadi/rithm/exercises/express-jobly/routes/companies.js": {"path":"/Users/nathantjahjadi/rithm/exercises/express-jobly/routes/companies.js","statementMap":{"0":{"start":{"line":5,"column":19},"end":{"line":5,"column":40}},"1":{"start":{"line":6,"column":16},"end":{"line":6,"column":34}},"2":{"start":{"line":8,"column":28},"end":{"line":8,"column":54}},"3":{"start":{"line":9,"column":42},"end":{"line":9,"column":71}},"4":{"start":{"line":10,"column":16},"end":{"line":10,"column":44}},"5":{"start":{"line":12,"column":25},"end":{"line":12,"column":62}},"6":{"start":{"line":13,"column":28},"end":{"line":13,"column":68}},"7":{"start":{"line":14,"column":28},"end":{"line":14,"column":68}},"8":{"start":{"line":16,"column":15},"end":{"line":16,"column":35}},"9":{"start":{"line":28,"column":0},"end":{"line":41,"column":3}},"10":{"start":{"line":29,"column":20},"end":{"line":33,"column":3}},"11":{"start":{"line":34,"column":2},"end":{"line":37,"column":3}},"12":{"start":{"line":35,"column":17},"end":{"line":35,"column":51}},"13":{"start":{"line":35,"column":43},"end":{"line":35,"column":50}},"14":{"start":{"line":36,"column":4},"end":{"line":36,"column":36}},"15":{"start":{"line":39,"column":18},"end":{"line":39,"column":48}},"16":{"start":{"line":40,"column":2},"end":{"line":40,"column":43}},"17":{"start":{"line":54,"column":0},"end":{"line":68,"column":3}},"18":{"start":{"line":55,"column":14},"end":{"line":55,"column":23}},"19":{"start":{"line":56,"column":2},"end":{"line":56,"column":74}},"20":{"start":{"line":56,"column":26},"end":{"line":56,"column":74}},"21":{"start":{"line":57,"column":2},"end":{"line":57,"column":74}},"22":{"start":{"line":57,"column":26},"end":{"line":57,"column":74}},"23":{"start":{"line":59,"column":20},"end":{"line":59,"column":87}},"24":{"start":{"line":61,"column":2},"end":{"line":64,"column":3}},"25":{"start":{"line":62,"column":17},"end":{"line":62,"column":51}},"26":{"start":{"line":62,"column":43},"end":{"line":62,"column":50}},"27":{"start":{"line":63,"column":4},"end":{"line":63,"column":36}},"28":{"start":{"line":66,"column":20},"end":{"line":66,"column":48}},"29":{"start":{"line":67,"column":2},"end":{"line":67,"column":33}},"30":{"start":{"line":78,"column":0},"end":{"line":81,"column":3}},"31":{"start":{"line":79,"column":18},"end":{"line":79,"column":54}},"32":{"start":{"line":80,"column":2},"end":{"line":80,"column":31}},"33":{"start":{"line":94,"column":0},"end":{"line":107,"column":3}},"34":{"start":{"line":95,"column":20},"end":{"line":99,"column":3}},"35":{"start":{"line":100,"column":2},"end":{"line":103,"column":3}},"36":{"start":{"line":101,"column":17},"end":{"line":101,"column":51}},"37":{"start":{"line":101,"column":43},"end":{"line":101,"column":50}},"38":{"start":{"line":102,"column":4},"end":{"line":102,"column":36}},"39":{"start":{"line":105,"column":18},"end":{"line":105,"column":67}},"40":{"start":{"line":106,"column":2},"end":{"line":106,"column":31}},"41":{"start":{"line":114,"column":0},"end":{"line":117,"column":3}},"42":{"start":{"line":115,"column":2},"end":{"line":115,"column":42}},"43":{"start":{"line":116,"column":2},"end":{"line":116,"column":50}},"44":{"start":{"line":120,"column":0},"end":{"line":120,"column":24}}},"fnMap":{"0":{"name":"(anonymous_0)","decl":{"start":{"line":28,"column":32},"end":{"line":28,"column":33}},"loc":{"start":{"line":28,"column":64},"end":{"line":41,"column":1}},"line":28},"1":{"name":"(anonymous_1)","decl":{"start":{"line":35,"column":38},"end":{"line":35,"column":39}},"loc":{"start":{"line":35,"column":43},"end":{"line":35,"column":50}},"line":35},"2":{"name":"(anonymous_2)","decl":{"start":{"line":54,"column":16},"end":{"line":54,"column":17}},"loc":{"start":{"line":54,"column":48},"end":{"line":68,"column":1}},"line":54},"3":{"name":"(anonymous_3)","decl":{"start":{"line":62,"column":38},"end":{"line":62,"column":39}},"loc":{"start":{"line":62,"column":43},"end":{"line":62,"column":50}},"line":62},"4":{"name":"(anonymous_4)","decl":{"start":{"line":78,"column":23},"end":{"line":78,"column":24}},"loc":{"start":{"line":78,"column":55},"end":{"line":81,"column":1}},"line":78},"5":{"name":"(anonymous_5)","decl":{"start":{"line":94,"column":40},"end":{"line":94,"column":41}},"loc":{"start":{"line":94,"column":72},"end":{"line":107,"column":1}},"line":94},"6":{"name":"(anonymous_6)","decl":{"start":{"line":101,"column":38},"end":{"line":101,"column":39}},"loc":{"start":{"line":101,"column":43},"end":{"line":101,"column":50}},"line":101},"7":{"name":"(anonymous_7)","decl":{"start":{"line":114,"column":41},"end":{"line":114,"column":42}},"loc":{"start":{"line":114,"column":73},"end":{"line":117,"column":1}},"line":114}},"branchMap":{"0":{"loc":{"start":{"line":34,"column":2},"end":{"line":37,"column":3}},"type":"if","locations":[{"start":{"line":34,"column":2},"end":{"line":37,"column":3}},{"start":{},"end":{}}],"line":34},"1":{"loc":{"start":{"line":56,"column":2},"end":{"line":56,"column":74}},"type":"if","locations":[{"start":{"line":56,"column":2},"end":{"line":56,"column":74}},{"start":{},"end":{}}],"line":56},"2":{"loc":{"start":{"line":57,"column":2},"end":{"line":57,"column":74}},"type":"if","locations":[{"start":{"line":57,"column":2},"end":{"line":57,"column":74}},{"start":{},"end":{}}],"line":57},"3":{"loc":{"start":{"line":61,"column":2},"end":{"line":64,"column":3}},"type":"if","locations":[{"start":{"line":61,"column":2},"end":{"line":64,"column":3}},{"start":{},"end":{}}],"line":61},"4":{"loc":{"start":{"line":100,"column":2},"end":{"line":103,"column":3}},"type":"if","locations":[{"start":{"line":100,"column":2},"end":{"line":103,"column":3}},{"start":{},"end":{}}],"line":100}},"s":{"0":4,"1":4,"2":4,"3":4,"4":4,"5":4,"6":4,"7":4,"8":4,"9":4,"10":3,"11":3,"12":2,"13":3,"14":2,"15":1,"16":1,"17":4,"18":6,"19":6,"20":3,"21":6,"22":2,"23":6,"24":6,"25":1,"26":1,"27":1,"28":5,"29":4,"30":4,"31":3,"32":2,"33":4,"34":4,"35":4,"36":2,"37":2,"38":2,"39":2,"40":1,"41":4,"42":2,"43":1,"44":4},"f":{"0":3,"1":3,"2":6,"3":1,"4":3,"5":4,"6":2,"7":2},"b":{"0":[2,1],"1":[3,3],"2":[2,4],"3":[1,5],"4":[2,2]},"_coverageSchema":"1a1c01bbd47fc00a2c39e90264f33305004495a9","hash":"13a927d3b6d86be2ffbdf6b2694f99b5f2315972"}
,"/Users/nathantjahjadi/rithm/exercises/express-jobly/routes/users.js": {"path":"/Users/nathantjahjadi/rithm/exercises/express-jobly/routes/users.js","statementMap":{"0":{"start":{"line":5,"column":19},"end":{"line":5,"column":40}},"1":{"start":{"line":7,"column":16},"end":{"line":7,"column":34}},"2":{"start":{"line":8,"column":52},"end":{"line":8,"column":81}},"3":{"start":{"line":9,"column":28},"end":{"line":9,"column":54}},"4":{"start":{"line":10,"column":13},"end":{"line":10,"column":38}},"5":{"start":{"line":11,"column":24},"end":{"line":11,"column":52}},"6":{"start":{"line":12,"column":22},"end":{"line":12,"column":56}},"7":{"start":{"line":13,"column":25},"end":{"line":13,"column":62}},"8":{"start":{"line":15,"column":15},"end":{"line":15,"column":31}},"9":{"start":{"line":30,"column":0},"end":{"line":44,"column":3}},"10":{"start":{"line":31,"column":20},"end":{"line":35,"column":3}},"11":{"start":{"line":36,"column":2},"end":{"line":39,"column":3}},"12":{"start":{"line":37,"column":17},"end":{"line":37,"column":51}},"13":{"start":{"line":37,"column":43},"end":{"line":37,"column":50}},"14":{"start":{"line":38,"column":4},"end":{"line":38,"column":36}},"15":{"start":{"line":41,"column":15},"end":{"line":41,"column":44}},"16":{"start":{"line":42,"column":16},"end":{"line":42,"column":33}},"17":{"start":{"line":43,"column":2},"end":{"line":43,"column":47}},"18":{"start":{"line":54,"column":0},"end":{"line":57,"column":3}},"19":{"start":{"line":55,"column":16},"end":{"line":55,"column":36}},"20":{"start":{"line":56,"column":2},"end":{"line":56,"column":29}},"21":{"start":{"line":67,"column":0},"end":{"line":70,"column":3}},"22":{"start":{"line":68,"column":15},"end":{"line":68,"column":50}},"23":{"start":{"line":69,"column":2},"end":{"line":69,"column":28}},"24":{"start":{"line":83,"column":0},"end":{"line":96,"column":3}},"25":{"start":{"line":84,"column":20},"end":{"line":88,"column":3}},"26":{"start":{"line":89,"column":2},"end":{"line":92,"column":3}},"27":{"start":{"line":90,"column":17},"end":{"line":90,"column":51}},"28":{"start":{"line":90,"column":43},"end":{"line":90,"column":50}},"29":{"start":{"line":91,"column":4},"end":{"line":91,"column":36}},"30":{"start":{"line":94,"column":15},"end":{"line":94,"column":63}},"31":{"start":{"line":95,"column":2},"end":{"line":95,"column":28}},"32":{"start":{"line":104,"column":0},"end":{"line":107,"column":3}},"33":{"start":{"line":105,"column":2},"end":{"line":105,"column":41}},"34":{"start":{"line":106,"column":2},"end":{"line":106,"column":52}},"35":{"start":{"line":110,"column":0},"end":{"line":110,"column":24}}},"fnMap":{"0":{"name":"(anonymous_0)","decl":{"start":{"line":30,"column":32},"end":{"line":30,"column":33}},"loc":{"start":{"line":30,"column":64},"end":{"line":44,"column":1}},"line":30},"1":{"name":"(anonymous_1)","decl":{"start":{"line":37,"column":38},"end":{"line":37,"column":39}},"loc":{"start":{"line":37,"column":43},"end":{"line":37,"column":50}},"line":37},"2":{"name":"(anonymous_2)","decl":{"start":{"line":54,"column":31},"end":{"line":54,"column":32}},"loc":{"start":{"line":54,"column":63},"end":{"line":57,"column":1}},"line":54},"3":{"name":"(anonymous_3)","decl":{"start":{"line":67,"column":51},"end":{"line":67,"column":52}},"loc":{"start":{"line":67,"column":83},"end":{"line":70,"column":1}},"line":67},"4":{"name":"(anonymous_4)","decl":{"start":{"line":83,"column":53},"end":{"line":83,"column":54}},"loc":{"start":{"line":83,"column":85},"end":{"line":96,"column":1}},"line":83},"5":{"name":"(anonymous_5)","decl":{"start":{"line":90,"column":38},"end":{"line":90,"column":39}},"loc":{"start":{"line":90,"column":43},"end":{"line":90,"column":50}},"line":90},"6":{"name":"(anonymous_6)","decl":{"start":{"line":104,"column":54},"end":{"line":104,"column":55}},"loc":{"start":{"line":104,"column":86},"end":{"line":107,"column":1}},"line":104}},"branchMap":{"0":{"loc":{"start":{"line":36,"column":2},"end":{"line":39,"column":3}},"type":"if","locations":[{"start":{"line":36,"column":2},"end":{"line":39,"column":3}},{"start":{},"end":{}}],"line":36},"1":{"loc":{"start":{"line":89,"column":2},"end":{"line":92,"column":3}},"type":"if","locations":[{"start":{"line":89,"column":2},"end":{"line":92,"column":3}},{"start":{},"end":{}}],"line":89}},"s":{"0":4,"1":4,"2":4,"3":4,"4":4,"5":4,"6":4,"7":4,"8":4,"9":4,"10":4,"11":4,"12":2,"13":5,"14":2,"15":2,"16":2,"17":2,"18":4,"19":1,"20":1,"21":4,"22":3,"23":2,"24":4,"25":6,"26":6,"27":1,"28":1,"29":1,"30":5,"31":4,"32":4,"33":3,"34":2,"35":4},"f":{"0":4,"1":5,"2":1,"3":3,"4":6,"5":1,"6":3},"b":{"0":[2,2],"1":[1,5]},"_coverageSchema":"1a1c01bbd47fc00a2c39e90264f33305004495a9","hash":"05ab4835b4cd62010fc2377f60197e114673c773"}
}
