{"/Users/nathantjahjadi/rithm/exercises/express-jobly/helpers/sql.js": {"path":"/Users/nathantjahjadi/rithm/exercises/express-jobly/helpers/sql.js","statementMap":{"0":{"start":{"line":3,"column":28},"end":{"line":3,"column":54}},"1":{"start":{"line":21,"column":15},"end":{"line":21,"column":40}},"2":{"start":{"line":22,"column":2},"end":{"line":22,"column":62}},"3":{"start":{"line":22,"column":25},"end":{"line":22,"column":62}},"4":{"start":{"line":25,"column":15},"end":{"line":27,"column":3}},"5":{"start":{"line":26,"column":4},"end":{"line":26,"column":50}},"6":{"start":{"line":29,"column":2},"end":{"line":32,"column":4}},"7":{"start":{"line":35,"column":0},"end":{"line":35,"column":41}}},"fnMap":{"0":{"name":"sqlForPartialUpdate","decl":{"start":{"line":20,"column":9},"end":{"line":20,"column":28}},"loc":{"start":{"line":20,"column":52},"end":{"line":33,"column":1}},"line":20},"1":{"name":"(anonymous_1)","decl":{"start":{"line":25,"column":24},"end":{"line":25,"column":25}},"loc":{"start":{"line":26,"column":4},"end":{"line":26,"column":50}},"line":26}},"branchMap":{"0":{"loc":{"start":{"line":22,"column":2},"end":{"line":22,"column":62}},"type":"if","locations":[{"start":{"line":22,"column":2},"end":{"line":22,"column":62}},{"start":{},"end":{}}],"line":22},"1":{"loc":{"start":{"line":26,"column":8},"end":{"line":26,"column":35}},"type":"binary-expr","locations":[{"start":{"line":26,"column":8},"end":{"line":26,"column":24}},{"start":{"line":26,"column":28},"end":{"line":26,"column":35}}],"line":26}},"s":{"0":1,"1":3,"2":3,"3":1,"4":2,"5":8,"6":2,"7":1},"f":{"0":3,"1":8},"b":{"0":[1,2],"1":[8,4]},"_coverageSchema":"1a1c01bbd47fc00a2c39e90264f33305004495a9","hash":"0e4036589512e9c361e293454c8556e1033c77c6"}
}
