TN:
SF:app.js
FN:32,(anonymous_0)
FN:37,(anonymous_1)
FNF:2
FNH:2
FNDA:2,(anonymous_0)
FNDA:42,(anonymous_1)
DA:5,5
DA:6,5
DA:8,5
DA:10,5
DA:11,5
DA:12,5
DA:13,5
DA:14,5
DA:16,5
DA:18,5
DA:20,5
DA:21,5
DA:22,5
DA:23,5
DA:25,5
DA:26,5
DA:27,5
DA:28,5
DA:32,5
DA:33,2
DA:37,5
DA:38,42
DA:41,42
DA:43,42
DA:48,5
LF:25
LH:25
BRDA:38,0,0,1
BRDA:38,0,1,41
BRF:2
BRH:2
end_of_record
TN:
SF:config.js
FN:13,getDatabaseUri
FNF:1
FNH:1
FNDA:12,getDatabaseUri
DA:5,11
DA:6,11
DA:8,11
DA:10,11
DA:14,12
DA:21,11
DA:23,11
DA:24,1
DA:34,11
LF:9
LH:9
BRDA:8,0,0,11
BRDA:8,0,1,0
BRDA:10,1,0,11
BRDA:10,1,1,10
BRDA:14,2,0,9
BRDA:14,2,1,3
BRDA:16,3,0,3
BRDA:16,3,1,1
BRDA:21,4,0,10
BRDA:21,4,1,1
BRDA:23,5,0,1
BRDA:23,5,1,10
BRF:12
BRH:11
end_of_record
TN:
SF:db.js
FN:14,connectDb
FNF:1
FNH:1
FNDA:8,connectDb
DA:5,8
DA:6,8
DA:8,8
DA:10,8
DA:16,8
DA:17,8
DA:18,8
DA:19,8
DA:25,8
DA:27,8
LF:10
LH:10
BRF:0
BRH:0
end_of_record
TN:
SF:expressError.js
FN:10,(anonymous_0)
FN:20,(anonymous_1)
FN:28,(anonymous_2)
FN:36,(anonymous_3)
FN:44,(anonymous_4)
FNF:5
FNH:4
FNDA:69,(anonymous_0)
FNDA:17,(anonymous_1)
FNDA:32,(anonymous_2)
FNDA:20,(anonymous_3)
FNDA:0,(anonymous_4)
DA:11,69
DA:12,69
DA:13,69
DA:21,17
DA:29,32
DA:37,20
DA:45,0
DA:49,10
LF:8
LH:7
BRDA:20,0,0,2
BRDA:28,1,0,28
BRDA:36,2,0,0
BRDA:44,3,0,0
BRF:4
BRH:2
end_of_record
TN:
SF:helpers/sql.js
FN:18,sqlForPartialUpdate
FN:23,(anonymous_1)
FNF:2
FNH:2
FNDA:22,sqlForPartialUpdate
FNDA:41,(anonymous_1)
DA:3,9
DA:19,22
DA:20,22
DA:23,18
DA:24,41
DA:27,18
DA:33,9
LF:7
LH:7
BRDA:20,0,0,4
BRDA:20,0,1,18
BRDA:24,1,0,41
BRDA:24,1,1,24
BRF:4
BRH:4
end_of_record
TN:
SF:helpers/tokens.js
FN:8,createToken
FNF:1
FNH:1
FNDA:19,createToken
DA:3,6
DA:4,6
DA:9,19
DA:14,19
DA:17,6
LF:5
LH:5
BRF:0
BRH:0
end_of_record
TN:
SF:middleware/auth.js
FN:18,authenticateJWT
FN:36,ensureLoggedIn
FN:45,ensureIsAdmin
FN:54,ensureAdminOrCorrectUser
FNF:4
FNH:4
FNDA:67,authenticateJWT
FNDA:3,ensureLoggedIn
FNDA:28,ensureIsAdmin
FNDA:27,ensureAdminOrCorrectUser
DA:5,6
DA:6,6
DA:7,6
DA:19,67
DA:20,67
DA:21,39
DA:23,39
DA:24,39
DA:29,67
DA:37,3
DA:38,2
DA:46,28
DA:47,13
DA:55,27
DA:56,27
DA:58,27
DA:59,14
DA:62,13
DA:65,6
LF:19
LH:19
BRDA:20,0,0,39
BRDA:20,0,1,28
BRDA:37,1,0,1
BRDA:37,1,1,2
BRDA:46,2,0,15
BRDA:46,2,1,13
BRDA:55,3,0,27
BRDA:55,3,1,5
BRDA:58,4,0,14
BRDA:58,4,1,13
BRDA:58,5,0,27
BRDA:58,5,1,22
BRF:12
BRH:12
end_of_record
TN:
SF:models/_testCommon.js
FN:8,commonBeforeAll
FN:40,commonBeforeEach
FN:44,commonAfterEach
FN:48,commonAfterAll
FNF:4
FNH:4
FNDA:3,commonBeforeAll
FNDA:43,commonBeforeEach
FNDA:43,commonAfterEach
FNDA:3,commonAfterAll
DA:3,3
DA:5,3
DA:6,3
DA:10,3
DA:12,3
DA:14,3
DA:20,3
DA:33,3
DA:41,43
DA:45,43
DA:49,3
DA:53,3
LF:12
LH:12
BRF:0
BRH:0
end_of_record
TN:
SF:models/company.js
FN:19,(anonymous_0)
FN:60,(anonymous_1)
FN:100,(anonymous_2)
FN:139,(anonymous_3)
FN:168,(anonymous_4)
FN:200,(anonymous_5)
FNF:6
FNH:6
FNDA:14,(anonymous_0)
FNDA:10,(anonymous_1)
FNDA:9,(anonymous_2)
FNDA:5,(anonymous_3)
FNDA:6,(anonymous_4)
FNDA:4,(anonymous_5)
DA:3,6
DA:4,6
DA:5,6
DA:20,14
DA:25,14
DA:26,1
DA:28,13
DA:48,12
DA:50,12
DA:61,10
DA:62,4
DA:63,2
DA:70,8
DA:71,6
DA:72,6
DA:73,6
DA:76,8
DA:86,8
DA:101,9
DA:102,9
DA:103,9
DA:105,9
DA:106,7
DA:107,7
DA:108,7
DA:112,9
DA:113,7
DA:114,7
DA:115,7
DA:118,9
DA:119,3
DA:120,3
DA:121,3
DA:124,9
DA:140,5
DA:149,5
DA:151,5
DA:153,3
DA:169,6
DA:175,5
DA:177,5
DA:187,5
DA:188,5
DA:190,5
DA:192,3
DA:201,4
DA:206,4
DA:208,4
DA:213,6
LF:49
LH:49
BRDA:25,0,0,1
BRDA:25,0,1,13
BRDA:60,1,0,6
BRDA:60,2,0,3
BRDA:60,3,0,6
BRDA:61,4,0,4
BRDA:61,4,1,6
BRDA:61,5,0,10
BRDA:61,5,1,7
BRDA:62,6,0,2
BRDA:62,6,1,2
BRDA:70,7,0,6
BRDA:70,7,1,2
BRDA:70,8,0,8
BRDA:70,8,1,4
BRDA:70,8,2,2
BRDA:105,9,0,7
BRDA:105,9,1,2
BRDA:112,10,0,7
BRDA:112,10,1,2
BRDA:118,11,0,3
BRDA:118,11,1,6
BRDA:151,12,0,2
BRDA:151,12,1,3
BRDA:190,13,0,2
BRDA:190,13,1,3
BRDA:208,14,0,2
BRDA:208,14,1,2
BRF:28
BRH:28
end_of_record
TN:
SF:models/job.js
FN:15,(anonymous_0)
FN:44,(anonymous_1)
FN:63,(anonymous_2)
FN:91,(anonymous_3)
FN:117,(anonymous_4)
FNF:5
FNH:5
FNDA:10,(anonymous_0)
FNDA:1,(anonymous_1)
FNDA:2,(anonymous_2)
FNDA:4,(anonymous_3)
FNDA:2,(anonymous_4)
DA:3,6
DA:4,6
DA:5,6
DA:16,10
DA:17,10
DA:35,10
DA:37,10
DA:45,1
DA:54,1
DA:64,2
DA:73,2
DA:75,2
DA:77,1
DA:92,4
DA:93,3
DA:95,3
DA:105,3
DA:106,3
DA:108,3
DA:110,2
DA:118,2
DA:123,2
DA:125,2
DA:129,6
LF:24
LH:24
BRDA:75,0,0,1
BRDA:75,0,1,1
BRDA:108,1,0,1
BRDA:108,1,1,2
BRDA:125,2,0,1
BRDA:125,2,1,1
BRF:6
BRH:6
end_of_record
TN:
SF:models/user.js
FN:24,(anonymous_0)
FN:58,(anonymous_1)
FN:106,(anonymous_2)
FN:128,(anonymous_3)
FN:163,(anonymous_4)
FN:197,(anonymous_5)
FNF:6
FNH:6
FNDA:8,(anonymous_0)
FNDA:16,(anonymous_1)
FNDA:2,(anonymous_2)
FNDA:5,(anonymous_3)
FNDA:9,(anonymous_4)
FNDA:5,(anonymous_5)
DA:3,6
DA:4,6
DA:5,6
DA:10,6
DA:12,6
DA:26,8
DA:37,8
DA:39,8
DA:41,5
DA:42,5
DA:43,4
DA:44,4
DA:48,4
DA:60,16
DA:66,16
DA:67,1
DA:70,15
DA:72,15
DA:96,15
DA:98,15
DA:107,2
DA:117,2
DA:129,5
DA:139,5
DA:141,5
DA:143,3
DA:164,9
DA:165,3
DA:168,9
DA:175,8
DA:177,8
DA:186,8
DA:187,8
DA:189,8
DA:191,6
DA:192,6
DA:198,5
DA:204,5
DA:206,5
DA:211,6
LF:40
LH:40
BRDA:39,0,0,5
BRDA:39,0,1,3
BRDA:42,1,0,4
BRDA:42,1,1,1
BRDA:66,2,0,1
BRDA:66,2,1,15
BRDA:141,3,0,2
BRDA:141,3,1,3
BRDA:164,4,0,3
BRDA:164,4,1,6
BRDA:189,5,0,2
BRDA:189,5,1,6
BRDA:206,6,0,2
BRDA:206,6,1,3
BRF:14
BRH:14
end_of_record
TN:
SF:routes/_testCommon.js
FN:9,commonBeforeAll
FN:87,commonBeforeEach
FN:91,commonAfterEach
FN:95,commonAfterAll
FNF:4
FNH:4
FNDA:4,commonBeforeAll
FNDA:62,commonBeforeEach
FNDA:71,commonAfterEach
FNDA:4,commonAfterAll
DA:3,4
DA:4,4
DA:5,4
DA:6,4
DA:7,4
DA:11,4
DA:13,4
DA:15,4
DA:23,3
DA:31,3
DA:40,3
DA:48,3
DA:56,3
DA:65,3
DA:72,3
DA:79,3
DA:88,62
DA:92,71
DA:96,4
DA:100,4
DA:101,4
DA:102,4
DA:105,4
LF:23
LH:23
BRF:0
BRH:0
end_of_record
TN:
SF:routes/auth.js
FN:22,(anonymous_0)
FN:29,(anonymous_1)
FN:49,(anonymous_2)
FN:56,(anonymous_3)
FNF:4
FNH:4
FNDA:5,(anonymous_0)
FNDA:2,(anonymous_1)
FNDA:3,(anonymous_2)
FNDA:5,(anonymous_3)
DA:5,5
DA:7,5
DA:8,5
DA:9,5
DA:10,5
DA:11,5
DA:12,5
DA:13,5
DA:22,5
DA:23,5
DA:28,5
DA:29,2
DA:30,2
DA:33,3
DA:34,3
DA:35,1
DA:36,1
DA:49,5
DA:50,3
DA:55,3
DA:56,5
DA:57,2
DA:60,1
DA:61,1
DA:62,1
DA:66,5
LF:26
LH:26
BRDA:28,0,0,2
BRDA:28,0,1,3
BRDA:55,1,0,2
BRDA:55,1,1,1
BRF:4
BRH:4
end_of_record
TN:
SF:routes/companies.js
FN:28,(anonymous_0)
FN:35,(anonymous_1)
FN:54,(anonymous_2)
FN:62,(anonymous_3)
FN:78,(anonymous_4)
FN:94,(anonymous_5)
FN:101,(anonymous_6)
FN:114,(anonymous_7)
FNF:8
FNH:8
FNDA:3,(anonymous_0)
FNDA:3,(anonymous_1)
FNDA:6,(anonymous_2)
FNDA:1,(anonymous_3)
FNDA:3,(anonymous_4)
FNDA:4,(anonymous_5)
FNDA:2,(anonymous_6)
FNDA:2,(anonymous_7)
DA:5,5
DA:6,5
DA:8,5
DA:9,5
DA:10,5
DA:12,5
DA:13,5
DA:14,5
DA:16,5
DA:28,5
DA:29,3
DA:34,3
DA:35,3
DA:36,2
DA:39,1
DA:40,1
DA:54,5
DA:55,6
DA:56,6
DA:57,6
DA:59,6
DA:61,6
DA:62,1
DA:63,1
DA:66,5
DA:67,4
DA:78,5
DA:79,3
DA:80,2
DA:94,5
DA:95,4
DA:100,4
DA:101,2
DA:102,2
DA:105,2
DA:106,1
DA:114,5
DA:115,2
DA:116,1
DA:120,5
LF:40
LH:40
BRDA:34,0,0,2
BRDA:34,0,1,1
BRDA:56,1,0,3
BRDA:56,1,1,3
BRDA:57,2,0,2
BRDA:57,2,1,4
BRDA:61,3,0,1
BRDA:61,3,1,5
BRDA:100,4,0,2
BRDA:100,4,1,2
BRF:10
BRH:10
end_of_record
TN:
SF:routes/jobs.js
FN:27,(anonymous_0)
FN:34,(anonymous_1)
FN:53,(anonymous_2)
FN:65,(anonymous_3)
FN:81,(anonymous_4)
FN:88,(anonymous_5)
FN:101,(anonymous_6)
FNF:7
FNH:0
FNDA:0,(anonymous_0)
FNDA:0,(anonymous_1)
FNDA:0,(anonymous_2)
FNDA:0,(anonymous_3)
FNDA:0,(anonymous_4)
FNDA:0,(anonymous_5)
FNDA:0,(anonymous_6)
DA:5,5
DA:6,5
DA:8,5
DA:9,5
DA:10,5
DA:12,5
DA:13,5
DA:16,5
DA:27,5
DA:28,0
DA:33,0
DA:34,0
DA:35,0
DA:38,0
DA:39,0
DA:53,5
DA:54,0
DA:55,0
DA:65,5
DA:66,0
DA:67,0
DA:81,5
DA:82,0
DA:87,0
DA:88,0
DA:89,0
DA:92,0
DA:93,0
DA:101,5
DA:102,0
DA:103,0
DA:104,0
DA:107,5
LF:33
LH:14
BRDA:33,0,0,0
BRDA:33,0,1,0
BRDA:87,1,0,0
BRDA:87,1,1,0
BRF:4
BRH:0
end_of_record
TN:
SF:routes/users.js
FN:30,(anonymous_0)
FN:37,(anonymous_1)
FN:54,(anonymous_2)
FN:67,(anonymous_3)
FN:83,(anonymous_4)
FN:90,(anonymous_5)
FN:104,(anonymous_6)
FNF:7
FNH:7
FNDA:4,(anonymous_0)
FNDA:5,(anonymous_1)
FNDA:1,(anonymous_2)
FNDA:3,(anonymous_3)
FNDA:6,(anonymous_4)
FNDA:1,(anonymous_5)
FNDA:3,(anonymous_6)
DA:5,5
DA:7,5
DA:8,5
DA:9,5
DA:10,5
DA:11,5
DA:12,5
DA:13,5
DA:15,5
DA:30,5
DA:31,4
DA:36,4
DA:37,5
DA:38,2
DA:41,2
DA:42,2
DA:43,2
DA:54,5
DA:55,1
DA:56,1
DA:67,5
DA:68,3
DA:69,2
DA:83,5
DA:84,6
DA:89,6
DA:90,1
DA:91,1
DA:94,5
DA:95,4
DA:104,5
DA:105,3
DA:106,2
DA:110,5
LF:34
LH:34
BRDA:36,0,0,2
BRDA:36,0,1,2
BRDA:89,1,0,1
BRDA:89,1,1,5
BRF:4
BRH:4
end_of_record
