TN:
SF:app.js
FN:30,(anonymous_0)
FN:35,(anonymous_1)
FNF:2
FNH:2
FNDA:2,(anonymous_0)
FNDA:42,(anonymous_1)
DA:5,4
DA:6,4
DA:8,4
DA:10,4
DA:11,4
DA:12,4
DA:13,4
DA:15,4
DA:17,4
DA:19,4
DA:20,4
DA:21,4
DA:22,4
DA:24,4
DA:25,4
DA:26,4
DA:30,4
DA:31,2
DA:35,4
DA:36,42
DA:39,42
DA:41,42
DA:46,4
LF:23
LH:23
BRDA:36,0,0,1
BRDA:36,0,1,41
BRF:2
BRH:2
end_of_record
TN:
SF:config.js
FN:13,getDatabaseUri
FNF:1
FNH:1
FNDA:10,getDatabaseUri
DA:5,9
DA:6,9
DA:8,9
DA:10,9
DA:14,10
DA:21,9
DA:23,9
DA:24,1
DA:34,9
LF:9
LH:9
BRDA:8,0,0,9
BRDA:8,0,1,0
BRDA:10,1,0,9
BRDA:10,1,1,8
BRDA:14,2,0,7
BRDA:14,2,1,3
BRDA:16,3,0,3
BRDA:16,3,1,1
BRDA:21,4,0,8
BRDA:21,4,1,1
BRDA:23,5,0,1
BRDA:23,5,1,8
BRF:12
BRH:11
end_of_record
TN:
SF:db.js
FN:14,connectDb
FNF:1
FNH:1
FNDA:6,connectDb
DA:5,6
DA:6,6
DA:8,6
DA:10,6
DA:16,6
DA:17,6
DA:18,6
DA:19,6
DA:25,6
DA:27,6
LF:10
LH:10
BRF:0
BRH:0
end_of_record
TN:
SF:expressError.js
FN:10,(anonymous_0)
FN:20,(anonymous_1)
FN:28,(anonymous_2)
FN:36,(anonymous_3)
FN:44,(anonymous_4)
FNF:5
FNH:4
FNDA:64,(anonymous_0)
FNDA:14,(anonymous_1)
FNDA:31,(anonymous_2)
FNDA:19,(anonymous_3)
FNDA:0,(anonymous_4)
DA:11,64
DA:12,64
DA:13,64
DA:21,14
DA:29,31
DA:37,19
DA:45,0
DA:49,8
LF:8
LH:7
BRDA:20,0,0,2
BRDA:28,1,0,27
BRDA:36,2,0,0
BRDA:44,3,0,0
BRF:4
BRH:2
end_of_record
TN:
SF:helpers/sql.js
FN:18,sqlForPartialUpdate
FN:23,(anonymous_1)
FNF:2
FNH:2
FNDA:18,sqlForPartialUpdate
FNDA:33,(anonymous_1)
DA:3,7
DA:19,18
DA:20,18
DA:23,15
DA:24,33
DA:27,15
DA:33,7
LF:7
LH:7
BRDA:20,0,0,3
BRDA:20,0,1,15
BRDA:24,1,0,33
BRDA:24,1,1,16
BRF:4
BRH:4
end_of_record
TN:
SF:helpers/tokens.js
FN:8,createToken
FNF:1
FNH:1
FNDA:16,createToken
DA:3,5
DA:4,5
DA:9,16
DA:14,16
DA:17,5
LF:5
LH:5
BRF:0
BRH:0
end_of_record
TN:
SF:middleware/auth.js
FN:18,authenticateJWT
FN:36,ensureLoggedIn
FN:45,ensureIsAdmin
FN:54,ensureAdminOrCorrectUser
FNF:4
FNH:4
FNDA:67,authenticateJWT
FNDA:3,ensureLoggedIn
FNDA:28,ensureIsAdmin
FNDA:27,ensureAdminOrCorrectUser
DA:5,5
DA:6,5
DA:7,5
DA:19,67
DA:20,67
DA:21,39
DA:23,39
DA:24,39
DA:29,67
DA:37,3
DA:38,2
DA:46,28
DA:47,13
DA:55,27
DA:56,27
DA:58,27
DA:59,15
DA:62,12
DA:65,5
LF:19
LH:19
BRDA:20,0,0,39
BRDA:20,0,1,28
BRDA:37,1,0,1
BRDA:37,1,1,2
BRDA:46,2,0,15
BRDA:46,2,1,13
BRDA:58,3,0,15
BRDA:58,3,1,12
BRDA:58,4,0,27
BRDA:58,4,1,21
BRF:10
BRH:10
end_of_record
TN:
SF:models/_testCommon.js
FN:8,commonBeforeAll
FN:34,commonBeforeEach
FN:38,commonAfterEach
FN:42,commonAfterAll
FNF:4
FNH:4
FNDA:2,commonBeforeAll
FNDA:33,commonBeforeEach
FNDA:33,commonAfterEach
FNDA:2,commonAfterAll
DA:3,2
DA:5,2
DA:6,2
DA:10,2
DA:12,2
DA:14,2
DA:20,2
DA:35,33
DA:39,33
DA:43,2
DA:47,2
LF:11
LH:11
BRF:0
BRH:0
end_of_record
TN:
SF:models/company.js
FN:19,(anonymous_0)
FN:60,(anonymous_1)
FN:100,(anonymous_2)
FN:139,(anonymous_3)
FN:168,(anonymous_4)
FN:200,(anonymous_5)
FNF:6
FNH:6
FNDA:13,(anonymous_0)
FNDA:10,(anonymous_1)
FNDA:9,(anonymous_2)
FNDA:5,(anonymous_3)
FNDA:6,(anonymous_4)
FNDA:4,(anonymous_5)
DA:3,5
DA:4,5
DA:5,5
DA:20,13
DA:25,13
DA:26,1
DA:28,12
DA:48,12
DA:50,12
DA:61,10
DA:62,4
DA:63,2
DA:70,8
DA:71,6
DA:72,6
DA:73,6
DA:76,8
DA:86,8
DA:101,9
DA:102,9
DA:103,9
DA:105,9
DA:106,7
DA:107,7
DA:108,7
DA:112,9
DA:113,7
DA:114,7
DA:115,7
DA:118,9
DA:119,3
DA:120,3
DA:121,3
DA:124,9
DA:140,5
DA:149,5
DA:151,5
DA:153,3
DA:169,6
DA:175,5
DA:177,5
DA:187,5
DA:188,5
DA:190,5
DA:192,3
DA:201,4
DA:206,4
DA:208,4
DA:213,5
LF:49
LH:49
BRDA:25,0,0,1
BRDA:25,0,1,12
BRDA:60,1,0,6
BRDA:60,2,0,3
BRDA:60,3,0,6
BRDA:61,4,0,4
BRDA:61,4,1,6
BRDA:61,5,0,10
BRDA:61,5,1,7
BRDA:62,6,0,2
BRDA:62,6,1,2
BRDA:70,7,0,6
BRDA:70,7,1,2
BRDA:70,8,0,8
BRDA:70,8,1,4
BRDA:70,8,2,2
BRDA:105,9,0,7
BRDA:105,9,1,2
BRDA:112,10,0,7
BRDA:112,10,1,2
BRDA:118,11,0,3
BRDA:118,11,1,6
BRDA:151,12,0,2
BRDA:151,12,1,3
BRDA:190,13,0,2
BRDA:190,13,1,3
BRDA:208,14,0,2
BRDA:208,14,1,2
BRF:28
BRH:28
end_of_record
TN:
SF:models/user.js
FN:24,(anonymous_0)
FN:58,(anonymous_1)
FN:106,(anonymous_2)
FN:128,(anonymous_3)
FN:163,(anonymous_4)
FN:197,(anonymous_5)
FNF:6
FNH:6
FNDA:8,(anonymous_0)
FNDA:16,(anonymous_1)
FNDA:2,(anonymous_2)
FNDA:5,(anonymous_3)
FNDA:9,(anonymous_4)
FNDA:5,(anonymous_5)
DA:3,5
DA:4,5
DA:5,5
DA:10,5
DA:12,5
DA:26,8
DA:37,8
DA:39,8
DA:41,5
DA:42,5
DA:43,4
DA:44,4
DA:48,4
DA:60,16
DA:66,16
DA:67,1
DA:70,15
DA:72,15
DA:96,15
DA:98,15
DA:107,2
DA:117,2
DA:129,5
DA:139,5
DA:141,5
DA:143,3
DA:164,9
DA:165,3
DA:168,9
DA:175,8
DA:177,8
DA:186,8
DA:187,8
DA:189,8
DA:191,6
DA:192,6
DA:198,5
DA:204,5
DA:206,5
DA:211,5
LF:40
LH:40
BRDA:39,0,0,5
BRDA:39,0,1,3
BRDA:42,1,0,4
BRDA:42,1,1,1
BRDA:66,2,0,1
BRDA:66,2,1,15
BRDA:141,3,0,2
BRDA:141,3,1,3
BRDA:164,4,0,3
BRDA:164,4,1,6
BRDA:189,5,0,2
BRDA:189,5,1,6
BRDA:206,6,0,2
BRDA:206,6,1,3
BRF:14
BRH:14
end_of_record
TN:
SF:routes/_testCommon.js
FN:8,commonBeforeAll
FN:65,commonBeforeEach
FN:69,commonAfterEach
FN:73,commonAfterAll
FNF:4
FNH:4
FNDA:3,commonBeforeAll
FNDA:62,commonBeforeEach
FNDA:62,commonAfterEach
FNDA:3,commonAfterAll
DA:3,3
DA:4,3
DA:5,3
DA:6,3
DA:10,3
DA:12,3
DA:14,3
DA:22,3
DA:30,3
DA:39,3
DA:47,3
DA:55,3
DA:66,62
DA:70,62
DA:74,3
DA:78,3
DA:79,3
DA:80,3
DA:83,3
LF:19
LH:19
BRF:0
BRH:0
end_of_record
TN:
SF:routes/auth.js
FN:22,(anonymous_0)
FN:29,(anonymous_1)
FN:49,(anonymous_2)
FN:56,(anonymous_3)
FNF:4
FNH:4
FNDA:5,(anonymous_0)
FNDA:2,(anonymous_1)
FNDA:3,(anonymous_2)
FNDA:5,(anonymous_3)
DA:5,4
DA:7,4
DA:8,4
DA:9,4
DA:10,4
DA:11,4
DA:12,4
DA:13,4
DA:22,4
DA:23,5
DA:28,5
DA:29,2
DA:30,2
DA:33,3
DA:34,3
DA:35,1
DA:36,1
DA:49,4
DA:50,3
DA:55,3
DA:56,5
DA:57,2
DA:60,1
DA:61,1
DA:62,1
DA:66,4
LF:26
LH:26
BRDA:28,0,0,2
BRDA:28,0,1,3
BRDA:55,1,0,2
BRDA:55,1,1,1
BRF:4
BRH:4
end_of_record
TN:
SF:routes/companies.js
FN:28,(anonymous_0)
FN:35,(anonymous_1)
FN:54,(anonymous_2)
FN:62,(anonymous_3)
FN:78,(anonymous_4)
FN:94,(anonymous_5)
FN:101,(anonymous_6)
FN:114,(anonymous_7)
FNF:8
FNH:8
FNDA:3,(anonymous_0)
FNDA:3,(anonymous_1)
FNDA:6,(anonymous_2)
FNDA:1,(anonymous_3)
FNDA:3,(anonymous_4)
FNDA:4,(anonymous_5)
FNDA:2,(anonymous_6)
FNDA:2,(anonymous_7)
DA:5,4
DA:6,4
DA:8,4
DA:9,4
DA:10,4
DA:12,4
DA:13,4
DA:14,4
DA:16,4
DA:28,4
DA:29,3
DA:34,3
DA:35,3
DA:36,2
DA:39,1
DA:40,1
DA:54,4
DA:55,6
DA:56,6
DA:57,6
DA:59,6
DA:61,6
DA:62,1
DA:63,1
DA:66,5
DA:67,4
DA:78,4
DA:79,3
DA:80,2
DA:94,4
DA:95,4
DA:100,4
DA:101,2
DA:102,2
DA:105,2
DA:106,1
DA:114,4
DA:115,2
DA:116,1
DA:120,4
LF:40
LH:40
BRDA:34,0,0,2
BRDA:34,0,1,1
BRDA:56,1,0,3
BRDA:56,1,1,3
BRDA:57,2,0,2
BRDA:57,2,1,4
BRDA:61,3,0,1
BRDA:61,3,1,5
BRDA:100,4,0,2
BRDA:100,4,1,2
BRF:10
BRH:10
end_of_record
TN:
SF:routes/users.js
FN:30,(anonymous_0)
FN:37,(anonymous_1)
FN:54,(anonymous_2)
FN:67,(anonymous_3)
FN:83,(anonymous_4)
FN:90,(anonymous_5)
FN:104,(anonymous_6)
FNF:7
FNH:7
FNDA:4,(anonymous_0)
FNDA:5,(anonymous_1)
FNDA:1,(anonymous_2)
FNDA:3,(anonymous_3)
FNDA:6,(anonymous_4)
FNDA:1,(anonymous_5)
FNDA:3,(anonymous_6)
DA:5,4
DA:7,4
DA:8,4
DA:9,4
DA:10,4
DA:11,4
DA:12,4
DA:13,4
DA:15,4
DA:30,4
DA:31,4
DA:36,4
DA:37,5
DA:38,2
DA:41,2
DA:42,2
DA:43,2
DA:54,4
DA:55,1
DA:56,1
DA:67,4
DA:68,3
DA:69,2
DA:83,4
DA:84,6
DA:89,6
DA:90,1
DA:91,1
DA:94,5
DA:95,4
DA:104,4
DA:105,3
DA:106,2
DA:110,4
LF:34
LH:34
BRDA:36,0,0,2
BRDA:36,0,1,2
BRDA:89,1,0,1
BRDA:89,1,1,5
BRF:4
BRH:4
end_of_record
